MS.D036,24.2922,98.0542,1048.77,2757600
MS.D038,24.3028,98.1619,1088.72,2757600
MS.D006,24.3363,98.1261,953.52,2757600
MS.D056,24.3196,98.0813,943.00,2757600
MS.D003,24.2544,98.1205,1241.73,2757600
MS.D004,24.3051,98.1186,1067.98,2757600
MS.D014,24.3077,98.1526,1120.63,2757600
MS.D070,24.2716,98.1219,1361.56,2757600
MS.D058,24.2645,98.0957,1061.35,2757600
MS.D024,24.3184,98.1534,1162.76,2757600
MS.D039,24.3338,98.0809,1056.88,2757600
MS.D031,24.3383,98.0719,1127.73,2757600
MS.D021,24.3089,98.0818,909.40,2757600
MS.D043,24.2815,98.0943,947.60,2757600
MS.D071,24.2655,98.0543,908.93,2757600
MS.D063,24.3342,98.1087,891.32,2757600
MS.D064,24.2825,98.1095,1232.61,2757600
MS.D069,24.2787,98.0821,904.74,2757600
MS.D068,24.2951,98.1073,940.86,2757600
MS.D080,24.2367,98.1232,830.50,2757600
MS.D017,24.2654,98.0834,1040.04,2757600
MS.D060,24.2586,98.1415,1611.38,2757600
MS.D050,24.2700,98.1352,1345.02,2757600
MS.D054,24.3272,98.1358,958.97,2757600
MS.D078,24.3322,98.1335,914.26,2757600
MS.D072,24.2898,98.1629,1262.20,2757600
MS.D010,24.2637,98.0188,1149.19,2757600
MS.D066,24.3322,98.0981,892.89,2757600
MS.D046,24.2924,98.1385,1224.76,2757600
MS.D012,24.3066,98.0681,980.39,2757600
MS.D026,24.2655,98.0676,927.73,2757600
MS.D002,24.3300,98.1499,1231.15,2757600
MS.D007,24.3434,98.0535,1399.41,2757600
MS.D061,24.2899,98.0942,914.81,2757600
MS.D055,24.2325,98.0804,931.97,2757600
MS.D048,24.2989,98.1227,1252.96,2757600
MS.D076,24.2802,98.0700,957.43,2757600
MS.D044,24.2595,98.1508,1340.86,2757600
MS.D019,24.2213,98.0813,1004.78,2757600
MS.D033,24.2385,98.0553,1005.22,2757600
MS.D028,24.2291,98.0878,1038.60,2757600
MS.D040,24.2400,98.0638,904.11,2757600
MS.D077,24.3218,98.1668,1227.82,2757600
MS.D013,24.3055,98.0572,1067.40,2757600
MS.D027,24.2252,98.0545,1103.37,2757600
MS.D016,24.3437,98.1583,1487.82,2757600
MS.D075,24.2568,98.0959,930.21,2757600
MS.D011,24.2255,98.0671,918.25,2757600
MS.D045,24.2384,98.0942,898.34,2757600
MS.D067,24.3177,98.1367,1161.91,2757600
MS.D030,24.2790,98.1226,1386.40,2757600
MS.D032,24.2534,98.0682,911.28,2757600
MS.D079,24.2361,98.1107,913.14,2757600
MS.D025,24.3227,98.0700,1100.50,2757600
MS.D020,24.2116,98.1117,852.98,2757600
MS.D035,24.2797,98.1497,1261.01,2757600
MS.D073,24.3424,98.1858,1149.35,2757600
MS.D052,24.3062,98.1085,902.32,2757600
MS.D053,24.3251,98.0932,895.52,2757600
MS.D062,24.2555,98.1777,1163.33,2757600
MS.D008,24.2952,98.1501,1099.90,2757600
MS.D059,24.3545,98.1068,895.11,2757600
MS.D057,24.2728,98.1646,1684.94,2757600
MS.D009,24.2556,98.0205,989.07,2757600
MS.D005,24.2955,98.0677,895.19,2757600
MS.D047,24.2910,98.0810,920.90,2757600
MS.D018,24.2440,98.1515,1061.31,2757600
MS.D037,24.3249,98.0598,1162.72,2757600
MS.D023,24.2515,98.1097,1024.46,2757600
MS.D022,24.2517,98.0806,922.31,2757600
MS.D042,24.3605,98.1235,978.11,2757600
MS.D041,24.2424,98.1626,959.14,2757600
MS.D001,24.3109,98.1602,1084.04,2757600
MS.D029,24.3012,98.1396,1316.99,2757600
MS.D051,24.2358,98.1349,816.30,2757600
MS.D015,24.2791,98.0531,889.58,2757600
MS.D049,24.2699,98.1086,1280.82,2757600
MS.D065,24.3478,98.0938,1061.87,2757600