TU.ATAB,37.4696,38.2949,551
TU.ANDN,37.5800,36.3452,1142
TU.CUAY,39.2655,36.7463,1509
TU.MYES,37.9728,38.4039,1125
TU.ELZG,38.4970,38.9849,1640
TU.GZT,37.3553,37.5615,1021
TU.YAYL,36.0343,36.1070,1225
TU.GULE,37.2837,34.7765,1625
TU.YURE,36.8259,35.6324,491
TU.AKCD,38.2956,37.9224,1376
TU.KUZU,36.7735,37.0750,701
TU.KAMA,37.1861,36.6677,983
TU.CUGU,38.7237,37.2719,1401
TU.DED,36.9614,34.7993,479
TU.AKO,37.4615,35.446,450
TU.MDN,38.3931,39.6821,1138
TU.NAR,37.3919,37.1574,650
TU.CNG,38.2145,39.2995,1023
TU.FRT,38.6840,39.1976,1100
TU.TNCL,39.1146,39.5422,1192
TU.YAHY,38.0947,35.3630,1230
TU.SAIM,37.9766,36.0823,1028
TU.ELBS,38.3243,37.1327,1260
TU.HEKM,38.8790,37.9591,1859
TU.MUSM,38.7240,41.5118,1357
TU.KAHM,37.5167,36.9870,587
TU.KOVA,38.7057,39.8126,1101
TU.SLHN,38.9572,41.0239,1373
TU.MAYA,38.3253,38.4253,1067
TU.AKCA,37.7942,37.6882,1068
TU.HANM,37.5799,38.8805,599
TU.RHAN,36.2594,36.6022,260
TU.NZIP,37.0432,37.6747,925
TU.AZEY,37.8105,38.2491,815
TU.NARI,37.8840,38.7612,868
TU.KHMR,37.3439,36.9080,525
TU.HASA,36.7502,36.4871,480
TU.KKOY,38.2917,40.5086,963
TU.TRC3,38.5900,35.4669,2102
TU.MKAM,38.3226,38.6819,1365
TU.MGNB,38.2860,38.2621,1065
TU.MGND,37.4714,37.4205,1055
TU.KIBE,35.5251,34.1750,122
KO.BNN,38.8521,35.8472,1380
KO.GAZ,37.1721,37.2096,992
KO.BNGB,38.9913,40.6792,1180
KO.CEYT,37.0105,35.7478,100
KO.CMRD,37.6623,34.9902,1234
KO.DARE,38.5712,37.4832,1080
KO.DYBB,37.9532,40.1393,657
KO.ERZN,39.5867,39.7220,1317
KO.IKL,36.2366,33.6845,126
KO.KARO,39.3089,41.0493,1820
KO.MERS,36.8678,34.5220,750
KO.SARI,38.4072,36.4181,1673
KO.SVAN,38.1511,41.1984,650
KO.SVRC,38.3775,39.3060,1680
KO.TAHT,36.3755,36.1855,278
KO.URFA,37.4409,38.8213,938
KO.VRTB,39.1603,41.4558,1498
KO.YEDI,39.4377,40.5443,1557
GE.ARPR,39.0928,38.3355,1537
IM.CY60,34.3466,34.5167,2027
CQ.PARA,34.9940,34.0400,116